#!/usr/bin/python3

import glob
import os
import sys

def main():
    target = sys.argv[1]
    skip(build_list(target, TESTS))
    skip_compile_test(
        build_list(target, RUN_PASS),
        build_list(target, RUN_FAIL))
    run_pass_step()


ALL = ''

TESTS = {
    'android': [
        # Exec format error
        'process::tests::test_add_to_env',
        'process::tests::test_capture_env_at_spawn',
        'process::tests::test_inherit_env',
        'process::tests::test_override_env',
    ],
    'qemu': [
        'net::tcp::tests::multiple_connect_interleaved_greedy_schedule',
        'net::tcp::tests::multiple_connect_interleaved_lazy_schedule',
        'net::tcp::tests::timeouts',
        'net::udp::tests::timeouts',
        'process::tests::uid_to_root_fails',
        'process::tests::uid_works',
        'sys::unix::ext::net::test::timeouts',
        'collections::hash::map::test_map::test_lots_of_insertions', # takes too long
        'stress',
    ],
    'windows': [
        'fs::tests::copy_file_preserves_streams',
        'fs::tests::copy_file_returns_metadata_len',
        'fs::tests::create_dir_all_with_junctions',
        'fs::tests::fchmod_works',
        'fs::tests::read_link',
        'fs::tests::realpath_works',
        'fs::tests::realpath_works_tricky',
        'fs::tests::recursive_rmdir',
        'fs::tests::recursive_rmdir_of_symlink',
        'fs::tests::symlink_noexist',
        'fs::tests::symlinks_work',
        'fs::tests::truncate_works',
        'fs::tests::unicode_path_exists',
        'fs::tests::unicode_path_is_dir',
        'net::tcp::tests::bind_error',
        'net::tcp::tests::close_readwrite_smoke',
        'net::tcp::tests::fast_rebind',
        'net::tcp::tests::shutdown_smoke',
        'net::udp::tests::bind_error',
        'process::tests::test_add_to_env', # hangs
        'process::tests::test_creation_flags',
        'process::tests::test_override_env', # hangs
        'sys::windows::os::tests::ntstatus_error',
    ],
    'aarch64-linux-android': [
        'collections::hash::map::test_map::test_create_capacity_zero', # panicked at 'assertion failed: m.contains_key(&1)'
        'thread::tests::test_join_panic',
        'thread::tests::test_park_timeout_unpark_called_other_thread',
    ],
    'aarch64-unknown-linux-musl': [
        'collections::hash::map::test_map::test_create_capacity_zero', # panicked at 'assertion failed: m.contains_key(&1)'
        'collections::hash::set::test_set::test_intersection', # assertion failed: `(left == right), left: 3, right: 4
    ],
    'arm-linux-androideabi': [
        'sync::mutex::tests::test_mutex_unsized', # SIGSEGV
    ],
    'arm-unknown-linux-gnueabi': [
        'f32::tests::test_mul_add', # 38.4 is not approximately equal to 1.2
        'f64::tests::test_mul_add', # 38.4 is not approximately equal to 1.2
    ],
    'armv5te-unknown-linux-gnueabi': [
        'f32::tests::test_mul_add', # 38.4 is not approximately equal to 1.2
        'f64::tests::test_mul_add', # 38.4 is not approximately equal to 1.2
        'atomic::int_nand', # left: `78`, right: `-4914`
        'atomic::uint_nand', # left: `78`, right: `4294962382`
    ],
    'armv7-unknown-linux-musleabihf': [
        'ptr::write_unaligned_drop', # panicked at 'already borrowed: BorrowMutError'
        'fs::tests::concurrent_recursive_mkdir', # segfault
        'io::buffered::tests::dont_panic_in_drop_on_panicked_flush', # segfault
        'io::buffered::tests::panic_in_write_doesnt_flush_in_drop', # segfault
        'io::stdio::tests::panic_doesnt_poison', # segfault
        'net::tcp::tests', # segfault
        'net::udp::tests', # segfault
        'sync', # segfault
        'sys::unix::ext::net::test', # segfault
        'sys_common::remutex::tests', # segfault
        'sys_common::wtf8::tests', # segfault
        'thread::local::tests',
        'thread::tests',
    ],
    'i586-unknown-linux-gnu': [
        'f32::tests::test_float_bits_conv',
        'f64::tests::test_float_bits_conv',
        'f64::tests::test_mul_add',
    ],
    'i586-unknown-linux-musl': [
        'f32::tests::test_atanh',
        'f32::tests::test_float_bits_conv', # left: `2144687445`,  right: `2140493141`
        'f32::tests::test_ln',
        'f32::tests::test_log',
        'f32::tests::test_log10',
        'f32::tests::test_log2',
        'f64::tests::test_atanh', # left: `0.0`, right: `-inf`
        'f64::tests::test_float_bits_conv', # left: `9221870836978985642`, right: `9219619037165300394`
        'f64::tests::test_ln', # neg_inf.ln().is_nan()
        'f64::tests::test_log', # 1.0f64.log(-13.9).is_nan()
        'f64::tests::test_log10', # neg_inf.log10().is_nan()
        'f64::tests::test_log2', # neg_inf.log2().is_nan()
    ],
    'i686-unknown-linux-gnu': [
        'f32::tests::test_float_bits_conv',
        'f64::tests::test_float_bits_conv',
        'f64::tests::test_mul_add', # left: `NaN`, right: `inf`
    ],
    'i686-pc-windows-gnu': [
        'f32::tests::test_float_bits_conv',
        'f64::tests::test_float_bits_conv',
    ],
    'i686-unknown-linux-musl': [
        'f32::tests::test_float_bits_conv',
        'f64::tests::test_float_bits_conv',
    ],
    'powerpc-unknown-linux-gnu': [
        'num::u8::tests::test_reverse_bits', # illegal instruction
        'num::u16::tests::test_reverse_bits', # illegal instruction
        'num::u32::tests::test_reverse_bits', # illegal instruction
        'num::u64::tests::test_reverse_bits', # illegal instruction
    ],
    'powerpc64le-unknown-linux-gnu': [
        'iter::test_lt', # assertion failed: a.iter().gt(b.iter()) == (a[0] > b[0])
        'option::test_ord', # assertion failed: !(nan > big)
        'tuple::test_tuple_cmp', # assertion failed: !((1.0f64, 2.0f64) > (nan, 3.0))
    ],
    'x86_64-unknown-linux-gnux32': [
        'net::tcp::tests::timeouts', # left: `8`, right: `16`
        'net::udp::tests::timeouts', # left: `8`, right: `16`
        'sys::unix::ext::net::test::timeouts', # left: `8`, right: `16`
    ],
    'x86_64-pc-windows-gnu': [
        'process::tests::test_process_output_error',
    ],
}

RUN_PASS = {
    ALL: [
        'async-await.rs',
        'compiletest-skip-codegen.rs',
        'issue-44056.rs',
        'rfc-2126-extern-absolute-paths/basic.rs',
        'simd-intrinsic-float-minmax.rs',
        'using-target-feature-unstable.rs',
    ],
    'android': [
        # Exec format error
        'abort-on-c-abi.rs',
        'atomic-print.rs',
        'core-run-destroy.rs',
        'issue-10626.rs',
        'issue-33770.rs',
        'panic-runtime/abort-link-to-unwinding-crates.rs',
        'panic-runtime/abort.rs',
        'panic-runtime/lto-abort.rs',
        'process-envs.rs',
        'process-exit.rs',
        'process-remove-from-env.rs',
        'running-with-no-runtime.rs',
    ],
    'musl': [
        # Exec format error
        'abort-on-c-abi.rs',
        'atomic-print.rs',
        #'crt-static-off-works.rs',
        'issue-10626.rs',
        #'issue-12133-3.rs',
        'issue-33770.rs',
        'panic-runtime/abort-link-to-unwinding-crates.rs',
        'panic-runtime/abort.rs',
        'panic-runtime/lto-abort.rs',
        'process-exit.rs',
        'running-with-no-runtime.rs',
    ],
    'qemu': [
        'backtrace-debuginfo.rs',
        'backtrace.rs',
        'command-before-exec.rs',
        'command-exec.rs',
        'env-args-reverse-iterator.rs',
        'env-funky-keys.rs',  # QEMU_LD_PREFIX is empty
        'fds-are-cloexec.rs',
        'issue-13304.rs',
        'issue-14456.rs',
        'issue-14940.rs',
        'issue-16272.rs',
        'issue-20091.rs',
        'issue-24313.rs',
        'issue-30490.rs',
        'multi-panic.rs',
        'no-stdio.rs',
        'out-of-stack.rs',
        'panic-runtime/lto-unwind.rs',
        'print-stdout-eprint-stderr.rs',
        'process-sigpipe.rs',
        'process-spawn-with-unicode-params.rs',
        'process-status-inherits-stdin.rs',
        'segfault-no-out-of-stack.rs',
        'signal-exit-status.rs',
        'sigpipe-should-be-ignored.rs',
        'simd-target-feature-mixup.rs', # target_feature does not work on qemu
        'stack-probes-lto.rs',
        'stack-probes.rs',
        'stdio-is-blocking.rs',
        'try-wait.rs',
    ],
    'windows': [
        'abort-on-c-abi.rs', # over 60 seconds
        #'backtrace-debuginfo.rs',
        #'backtrace.rs',
        #'cci_capture_clause.rs',
        'env-home-dir.rs', # thread 'main' panicked at 'failed to remove environment variable `"HOME"`: Environment variable not found. (os error 203)
        'issue-13304.rs', # thread 'main' panicked at 'called `Result::unwrap()` on an `Err` value: Os { code: 233, kind: Other, message: "Pipe not connected." }. thread 'main' panicked at 'assertion failed: out.status.success()', tests/run-pass/issue-13304.rs:39:5
        'issue-14456.rs', # over 60 seconds
        'no-stdio.rs', # thread 'main' panicked at 'called `Result::unwrap()` on an `Err` value: Os { code: 0, kind: Other, message: "Success." }'
        'out-of-stack.rs', # err:seh:setup_exception_record stack overflow 1648 bytes in thread 0036 eip 7bc462e6 esp 00670cc0 stack 0x670000-0x671000-0x870000. thread 'main' panicked at 'missing overflow message: thread 'main' panicked at 'called `Option::unwrap()` on a `None` value'
        'process-spawn-with-unicode-params.rs', # thread 'main' panicked at 'called `Result::unwrap()` on an `Err` value: Os { code: 3, kind: NotFound, message: "Path not found." }'
        'process-status-inherits-stdin.rs', # thread 'main' panicked at 'called `Result::unwrap()` on an `Err` value: Os { code: 233, kind: Other, message: "Pipe not connected." }
        #'segfault-no-out-of-stack.rs',
        'stack-probes-lto.rs', # err:seh:setup_exception_record stack overflow 1040 bytes in threa
        'stack-probes.rs', # err:seh:setup_exception_record stack overflow 832 bytes in thread
    ],
    'aarch64-unknown-linux-gnu': [
        'struct-path-self.rs', # left: `0`, right: `1`', tests/run-pass/struct-path-self.rs:49:5
        'simd-intrinsic-generic-reduction.rs', #LLVM ERROR: Cannot select: 0x7f7fec029c30: i32 = vecreduce_mul 0x7f7fec029c98
    ],
    'arm-unknown-linux-gnueabi': [
        'intrinsics-math.rs', # 0 is not approximately equal to 2.718281828459045
        'simd-intrinsic-generic-comparison.rs', # assertion failed: (e.0 != 0) == lhs.0.le(&rhs.0)
    ],
    'armv5te-unknown-linux-gnueabi': [
        'intrinsics-math.rs', # 1.3591409142295225 is not approximately equal to 2.718281828459045
        'simd-intrinsic-generic-comparison.rs', # assertion failed: (e.0 != 0) == lhs.0.le(&rhs.0)
    ],
    'arm-unknown-linux-musleabi': [
        # most are illegal instruction
        'debuginfo-lto.rs',
        'fat-lto.rs',
        'issue-29488.rs', # cannot access a TLS value during or after it is destroyed: AccessError
        'lto-many-codegen-units.rs',
        'lto-still-runs-thread-dtors.rs',
        'sepcomp-lib-lto.rs',
        'simd-intrinsic-generic-comparison.rs', # assertion failed: (e.0 != 0) == lhs.0.le(&rhs.0) // simd-intrinsic-generic-comparison.rs:86:9
        'thinlto/all-crates.rs',
        'thinlto/thin-lto-inlines2.rs',
        'thread-local-extern-static.rs',
        'tls-dtors-are-run-in-a-static-binary.rs', # cannot access a TLS value during or after it is destroyed: AccessError
        'tls-init-on-init.rs',
        'tls-try-with.rs', # `try_with` failed: AccessError
    ],
    'arm-unknown-linux-musleabihf': [
        # most are illegal instruction
        'debuginfo-lto.rs',
        'fat-lto.rs',
        'issue-29488.rs', # cannot access a TLS value during or after it is destroyed: AccessError
        'lto-many-codegen-units.rs',
        'lto-still-runs-thread-dtors.rs',
        'sepcomp-lib-lto.rs',
        'thinlto/all-crates.rs',
        'thinlto/thin-lto-inlines2.rs',
        'thread-local-extern-static.rs',
        'tls-dtors-are-run-in-a-static-binary.rs', # cannot access a TLS value during or after it is destroyed: AccessError
        'tls-init-on-init.rs',
        'tls-try-with.rs', # `try_with` failed: AccessError
    ],
    'armv7-unknown-linux-musleabihf': [
        # most are illegal instruction
        'debuginfo-lto.rs',
        'fat-lto.rs',
        'issue-29488.rs', # cannot access a TLS value during or after it is destroyed: AccessError
        'lto-many-codegen-units.rs',
        'lto-still-runs-thread-dtors.rs',
        'sepcomp-lib-lto.rs',
        'thinlto/all-crates.rs',
        'thinlto/thin-lto-inlines2.rs',
        'thread-local-extern-static.rs',
        'tls-dtors-are-run-in-a-static-binary.rs', # cannot access a TLS value during or after it is destroyed: AccessError
        'tls-init-on-init.rs',
        'tls-try-with.rs', # `try_with` failed: AccessError
    ],
    'mips-unknown-linux-gnu': [
        'const-endianess.rs', # left: `-84084359563257053391479216764159524864, right: `-82755131567472137518575409703879180289`
        'i128.rs',
        'issue-36856.rs', # https://github.com/rust-lang/rust/issues/51413
        'next-power-of-two-overflow-ndebug.rs',
        'simd-intrinsic-generic-gather.rs', # left: `[0.0, 1.0, 2.0, 3.0, 4.0, 5.0, 6.0, 7.0]`, right: `[42.0, 1.0, 43.0, 3.0, 4.0, 5.0, 45.0, 7.0]`
        'u128.rs',
    ],
    'mips-unknown-linux-musl': [
        'const-endianess.rs', # left: `-84084359563257053391479216764159524864, right: `-82755131567472137518575409703879180289`
        'i128.rs',
        'issue-36856.rs', # https://github.com/rust-lang/rust/issues/51413
        'next-power-of-two-overflow-ndebug.rs',
        'simd-intrinsic-generic-gather.rs', # left: `[0.0, 1.0, 2.0, 3.0, 4.0, 5.0, 6.0, 7.0]`, right: `[42.0, 1.0, 43.0, 3.0, 4.0, 5.0, 45.0, 7.0]`
        'u128.rs',
    ],
    'mipsel-unknown-linux-gnu': [
        'i128.rs',
        'issue-36856.rs', # https://github.com/rust-lang/rust/issues/51413
        'next-power-of-two-overflow-ndebug.rs',
        'simd-intrinsic-generic-gather.rs', # left: `[0.0, 1.0, 2.0, 3.0, 4.0, 5.0, 6.0, 7.0]`, right: `[42.0, 1.0, 43.0, 3.0, 4.0, 5.0, 45.0, 7.0]`
        'u128.rs',
    ],
    'mipsel-unknown-linux-musl': [
        'i128.rs',
        'issue-36856.rs', # https://github.com/rust-lang/rust/issues/51413
        'next-power-of-two-overflow-ndebug.rs',
        'simd-intrinsic-generic-gather.rs', # left: `[0.0, 1.0, 2.0, 3.0, 4.0, 5.0, 6.0, 7.0]`, right: `[42.0, 1.0, 43.0, 3.0, 4.0, 5.0, 45.0, 7.0]`
        'u128.rs',
    ],
    'mips64-unknown-linux-gnuabi64': [
        'const-endianess.rs', # left: `-84084359563257053391479216764159524864, right: `-82755131567472137518575409703879180289`
    ],
    'powerpc-unknown-linux-gnu': [
        'const-endianess.rs', # left: `-84084359563257053391479216764159524864`, right: `-82755131567472137518575409703879180289`
        'extern-pass-empty.rs', # segfault
        'extern-pass-TwoU16s.rs', # segfault
        'extern-pass-TwoU32s.rs', # segfault
        'extern-pass-TwoU64s.rs', # segfault
        'extern-pass-TwoU8s.rs', # segfault
        'foreign-fn-with-byval.rs', # segfault
        'issue-28676.rs', # segfault
        'panic-handler-flail-wildly.rs', # sometimes it segfaults
        'struct-return.rs', # segfault
        'task-comm-3.rs', # sometimes segfaults
        'union/union-c-interop.rs', # segfault
    ],
    'powerpc64-unknown-linux-gnu': [
        'stack-probes-lto.rs',
        'stack-probes.rs',
        'const-endianess.rs', # left: `-84084359563257053391479216764159524864`, right: `-82755131567472137518575409703879180289`
    ],
    'powerpc64le-unknown-linux-gnu': [
        'issue-50811.rs',
        'saturating-float-casts.rs', # left: `255`, right: `0`
        'simd-intrinsic-generic-cast.rs', # f64 -> i32 (i32x4(-1234567, 12345678, -123456792, 1234567936) != i32x4(-1234567, 12345678, -123456789, 1234567890))
    ],
    'x86_64-linux-android': [
        'simd-intrinsic-generic-elements.rs', # i32x2(100, 0) != i32x2(100, 21)
    ],
    'aarch64-linux-android': [
        'struct-path-self.rs', # left: `0`, right: `1`', tests/run-pass/struct-path-self.rs:49:5
        'simd-intrinsic-generic-reduction.rs', #LLVM ERROR: Cannot select: 0x7f7fec029c30: i32 = vecreduce_mul 0x7f7fec029c98
    ],
    'x86_64-unknown-linux-gnux32': [
        'try-wait.rs',
        'core-run-destroy.rs',
        'issue-33770.rs',
    ],

}

RUN_FAIL = {
    ALL: [
        'rfc-1937-termination-trait/termination-trait-for-box-dyn-error.rs',
        'rfc-1937-termination-trait/termination-trait-for-result-box-error_err.rs',
        'rfc-1937-termination-trait/termination-trait-for-str.rs',
    ],
    'windows': [
        'args-panic.rs',
        'run-unexported-tests.rs',
        'test-panic.rs',
        'test-should-fail-bad-message.rs',
        'test-should-panic-bad-message.rs',
        'test-should-panic-no-message.rs',
    ]
}


def run_pass_path():
    return os.path.dirname(sys.argv[0]) + '/../compile-test/tests/run-pass/'


def run_pass_step():
    step = os.environ.get('COMPILE_TEST_STEP')
    files = [f for f in os.listdir(run_pass_path()) if 'auxiliary' not in f]
    files.sort(key=lambda x: x.replace('_', '-'))
    half = int(len(files) / 2)
    if step == '1':
        skip_compile_test(files[half:])
    elif step == '2':
        skip_compile_test(files[:half])


def is_native(target):
    return (target.startswith("i686") or
            target.startswith("x86_64")) and \
        "android" not in target


def skip(cases):
    if cases:
        print(" --skip ", end="")
        print(" --skip ".join(cases), end="")


def skip_compile_test(pass_, fail = []):
    skip_(pass_, 'pass')
    skip_(fail, 'fail')


def skip_(cases, kind):
    dir = os.path.dirname(sys.argv[0]) + '/../compile-test/tests/run-{}/'.format(kind)
    for case in cases:
        to = dir + '../run-{}-failing/'.format(kind) + case
        to_dir = os.path.dirname(to)
        if not os.path.exists(to_dir):
            os.makedirs(to_dir)
        try:
            os.rename(dir + case, to)
        except:
            pass

def build_list(target, lst):
    tests = []
    for x, values in lst.items():
        if x in target or (x == 'qemu' and not is_native(target)):
            tests.extend(values)
    return tests


if __name__ == "__main__":
    main()
